# JRE version: OpenJDK Runtime Environment (7.0_55-b14) (build 1.7.0_55-b14)
# Java VM: OpenJDK 64-Bit Server VM (24.51-b03 mixed mode linux-amd64 compressed oops)
Heap
 PSYoungGen      total 31744K, used 18360K [0x00000000e0f00000, 0x00000000e3d00000, 0x0000000100000000)
  eden space 20992K, 45% used [0x00000000e0f00000,0x00000000e185eea0,0x00000000e2380000)
  from space 10752K, 81% used [0x00000000e2f80000,0x00000000e380f178,0x00000000e3a00000)
  to   space 12288K, 0% used [0x00000000e2380000,0x00000000e2380000,0x00000000e2f80000)
 ParOldGen       total 45568K, used 24548K [0x00000000a2e00000, 0x00000000a5a80000, 0x00000000e0f00000)
  object space 45568K, 53% used [0x00000000a2e00000,0x00000000a45f9108,0x00000000a5a80000)
 PSPermGen       total 30720K, used 20206K [0x0000000098800000, 0x000000009a600000, 0x00000000a2e00000)
  object space 30720K, 65% used [0x0000000098800000,0x0000000099bbb8a0,0x000000009a600000)
GC Heap History (10 events):
Event: 6633.760 GC heap before
{Heap before GC invocations=150 (full 10):
 PSYoungGen      total 25088K, used 17596K [0x00000000e0f00000, 0x00000000e3600000, 0x0000000100000000)
  eden space 12800K, 100% used [0x00000000e0f00000,0x00000000e1b80000,0x00000000e1b80000)
  from space 12288K, 39% used [0x00000000e1b80000,0x00000000e202f160,0x00000000e2780000)
  to   space 12288K, 0% used [0x00000000e2a00000,0x00000000e2a00000,0x00000000e3600000)
 ParOldGen       total 45568K, used 19867K [0x00000000a2e00000, 0x00000000a5a80000, 0x00000000e0f00000)
  object space 45568K, 43% used [0x00000000a2e00000,0x00000000a4166d88,0x00000000a5a80000)
 PSPermGen       total 30720K, used 20158K [0x0000000098800000, 0x000000009a600000, 0x00000000a2e00000)
  object space 30720K, 65% used [0x0000000098800000,0x0000000099bafaf0,0x000000009a600000)
Event: 6633.763 GC heap after
Heap after GC invocations=150 (full 10):
 PSYoungGen      total 26624K, used 32K [0x00000000e0f00000, 0x00000000e3500000, 0x0000000100000000)
  eden space 15360K, 0% used [0x00000000e0f00000,0x00000000e0f00000,0x00000000e1e00000)
  from space 11264K, 0% used [0x00000000e2a00000,0x00000000e2a08000,0x00000000e3500000)
  to   space 11776K, 0% used [0x00000000e1e00000,0x00000000e1e00000,0x00000000e2980000)
 ParOldGen       total 45568K, used 24524K [0x00000000a2e00000, 0x00000000a5a80000, 0x00000000e0f00000)
  object space 45568K, 53% used [0x00000000a2e00000,0x00000000a45f3108,0x00000000a5a80000)
 PSPermGen       total 30720K, used 20158K [0x0000000098800000, 0x000000009a600000, 0x00000000a2e00000)
  object space 30720K, 65% used [0x0000000098800000,0x0000000099bafaf0,0x000000009a600000)
}
Event: 6645.909 GC heap before
{Heap before GC invocations=151 (full 10):
 PSYoungGen      total 26624K, used 15392K [0x00000000e0f00000, 0x00000000e3500000, 0x0000000100000000)
  eden space 15360K, 100% used [0x00000000e0f00000,0x00000000e1e00000,0x00000000e1e00000)
  from space 11264K, 0% used [0x00000000e2a00000,0x00000000e2a08000,0x00000000e3500000)
  to   space 11776K, 0% used [0x00000000e1e00000,0x00000000e1e00000,0x00000000e2980000)
 ParOldGen       total 45568K, used 24524K [0x00000000a2e00000, 0x00000000a5a80000, 0x00000000e0f00000)
  object space 45568K, 53% used [0x00000000a2e00000,0x00000000a45f3108,0x00000000a5a80000)
 PSPermGen       total 30720K, used 20158K [0x0000000098800000, 0x000000009a600000, 0x00000000a2e00000)
  object space 30720K, 65% used [0x0000000098800000,0x0000000099bafaf0,0x000000009a600000)
Event: 6645.912 GC heap after
Heap after GC invocations=151 (full 10):
 PSYoungGen      total 27136K, used 4704K [0x00000000e0f00000, 0x00000000e3800000, 0x0000000100000000)
  eden space 15360K, 0% used [0x00000000e0f00000,0x00000000e0f00000,0x00000000e1e00000)
  from space 11776K, 39% used [0x00000000e1e00000,0x00000000e2298040,0x00000000e2980000)
  to   space 11776K, 0% used [0x00000000e2c80000,0x00000000e2c80000,0x00000000e3800000)
 ParOldGen       total 45568K, used 24524K [0x00000000a2e00000, 0x00000000a5a80000, 0x00000000e0f00000)
  object space 45568K, 53% used [0x00000000a2e00000,0x00000000a45f3108,0x00000000a5a80000)
 PSPermGen       total 30720K, used 20158K [0x0000000098800000, 0x000000009a600000, 0x00000000a2e00000)
  object space 30720K, 65% used [0x0000000098800000,0x0000000099bafaf0,0x000000009a600000)
}
Event: 6683.072 GC heap before
{Heap before GC invocations=152 (full 10):
 PSYoungGen      total 27136K, used 20064K [0x00000000e0f00000, 0x00000000e3800000, 0x0000000100000000)
  eden space 15360K, 100% used [0x00000000e0f00000,0x00000000e1e00000,0x00000000e1e00000)
  from space 11776K, 39% used [0x00000000e1e00000,0x00000000e2298040,0x00000000e2980000)
  to   space 11776K, 0% used [0x00000000e2c80000,0x00000000e2c80000,0x00000000e3800000)
 ParOldGen       total 45568K, used 24524K [0x00000000a2e00000, 0x00000000a5a80000, 0x00000000e0f00000)
  object space 45568K, 53% used [0x00000000a2e00000,0x00000000a45f3108,0x00000000a5a80000)
 PSPermGen       total 30720K, used 20158K [0x0000000098800000, 0x000000009a600000, 0x00000000a2e00000)
  object space 30720K, 65% used [0x0000000098800000,0x0000000099bafaf0,0x000000009a600000)
Event: 6683.073 GC heap after
Heap after GC invocations=152 (full 10):
 PSYoungGen      total 29184K, used 128K [0x00000000e0f00000, 0x00000000e3700000, 0x0000000100000000)
  eden space 18432K, 0% used [0x00000000e0f00000,0x00000000e0f00000,0x00000000e2100000)
  from space 10752K, 1% used [0x00000000e2c80000,0x00000000e2ca0000,0x00000000e3700000)
  to   space 11264K, 0% used [0x00000000e2100000,0x00000000e2100000,0x00000000e2c00000)
 ParOldGen       total 45568K, used 24548K [0x00000000a2e00000, 0x00000000a5a80000, 0x00000000e0f00000)
  object space 45568K, 53% used [0x00000000a2e00000,0x00000000a45f9108,0x00000000a5a80000)
 PSPermGen       total 30720K, used 20158K [0x0000000098800000, 0x000000009a600000, 0x00000000a2e00000)
  object space 30720K, 65% used [0x0000000098800000,0x0000000099bafaf0,0x000000009a600000)
}
Event: 6732.489 GC heap before
{Heap before GC invocations=153 (full 10):
 PSYoungGen      total 29184K, used 18560K [0x00000000e0f00000, 0x00000000e3700000, 0x0000000100000000)
  eden space 18432K, 100% used [0x00000000e0f00000,0x00000000e2100000,0x00000000e2100000)
  from space 10752K, 1% used [0x00000000e2c80000,0x00000000e2ca0000,0x00000000e3700000)
  to   space 11264K, 0% used [0x00000000e2100000,0x00000000e2100000,0x00000000e2c00000)
 ParOldGen       total 45568K, used 24548K [0x00000000a2e00000, 0x00000000a5a80000, 0x00000000e0f00000)
  object space 45568K, 53% used [0x00000000a2e00000,0x00000000a45f9108,0x00000000a5a80000)
 PSPermGen       total 30720K, used 20158K [0x0000000098800000, 0x000000009a600000, 0x00000000a2e00000)
  object space 30720K, 65% used [0x0000000098800000,0x0000000099bafaf0,0x000000009a600000)
Event: 6732.491 GC heap after
Heap after GC invocations=153 (full 10):
 PSYoungGen      total 29696K, used 64K [0x00000000e0f00000, 0x00000000e3a00000, 0x0000000100000000)
  eden space 18432K, 0% used [0x00000000e0f00000,0x00000000e0f00000,0x00000000e2100000)
  from space 11264K, 0% used [0x00000000e2100000,0x00000000e2110000,0x00000000e2c00000)
  to   space 10752K, 0% used [0x00000000e2f80000,0x00000000e2f80000,0x00000000e3a00000)
 ParOldGen       total 45568K, used 24548K [0x00000000a2e00000, 0x00000000a5a80000, 0x00000000e0f00000)
  object space 45568K, 53% used [0x00000000a2e00000,0x00000000a45f9108,0x00000000a5a80000)
 PSPermGen       total 30720K, used 20158K [0x0000000098800000, 0x000000009a600000, 0x00000000a2e00000)
  object space 30720K, 65% used [0x0000000098800000,0x0000000099bafaf0,0x000000009a600000)
}
Event: 6735.233 GC heap before
{Heap before GC invocations=154 (full 10):
 PSYoungGen      total 29696K, used 18496K [0x00000000e0f00000, 0x00000000e3a00000, 0x0000000100000000)
  eden space 18432K, 100% used [0x00000000e0f00000,0x00000000e2100000,0x00000000e2100000)
  from space 11264K, 0% used [0x00000000e2100000,0x00000000e2110000,0x00000000e2c00000)
  to   space 10752K, 0% used [0x00000000e2f80000,0x00000000e2f80000,0x00000000e3a00000)
 ParOldGen       total 45568K, used 24548K [0x00000000a2e00000, 0x00000000a5a80000, 0x00000000e0f00000)
  object space 45568K, 53% used [0x00000000a2e00000,0x00000000a45f9108,0x00000000a5a80000)
 PSPermGen       total 30720K, used 20158K [0x0000000098800000, 0x000000009a600000, 0x00000000a2e00000)
  object space 30720K, 65% used [0x0000000098800000,0x0000000099bafaf0,0x000000009a600000)
Event: 6735.237 GC heap after
Heap after GC invocations=154 (full 10):
 PSYoungGen      total 31744K, used 8764K [0x00000000e0f00000, 0x00000000e3d00000, 0x0000000100000000)
  eden space 20992K, 0% used [0x00000000e0f00000,0x00000000e0f00000,0x00000000e2380000)
  from space 10752K, 81% used [0x00000000e2f80000,0x00000000e380f178,0x00000000e3a00000)
  to   space 12288K, 0% used [0x00000000e2380000,0x00000000e2380000,0x00000000e2f80000)
 ParOldGen       total 45568K, used 24548K [0x00000000a2e00000, 0x00000000a5a80000, 0x00000000e0f00000)
  object space 45568K, 53% used [0x00000000a2e00000,0x00000000a45f9108,0x00000000a5a80000)
 PSPermGen       total 30720K, used 20158K [0x0000000098800000, 0x000000009a600000, 0x00000000a2e00000)
  object space 30720K, 65% used [0x0000000098800000,0x0000000099bafaf0,0x000000009a600000)
}

